Event - 12/02/2023 12:18:19 - Command List Initialization
Event - 12/02/2023 12:18:19 - Seccessful role assignment
Event - 12/02/2023 12:18:20 - Insert User information into DB
Event - 12/02/2023 12:18:20 - Get Successful Response From Twitter
Event - 12/02/2023 12:18:20 - Get Successful Response From Twitter
Event - 12/02/2023 12:18:21 - Get Successful Response From Twitter
Error - 12/02/2023 12:19:34 - Can't find list of personal donated products
Event - 12/02/2023 12:21:34 - Donate product to campaign
Event - 12/02/2023 12:22:16 - Seccessful role assignment
Event - 12/02/2023 13:40:59 - Command List Initialization
Event - 12/02/2023 13:41:00 - Seccessful role assignment
Event - 12/02/2023 13:41:00 - Insert User information into DB
Event - 12/02/2023 13:41:00 - Get Successful Response From Twitter
Event - 12/02/2023 13:46:35 - Command List Initialization
Event - 12/02/2023 13:46:36 - Seccessful role assignment
Event - 12/02/2023 13:46:36 - Get Successful Response From Twitter
Event - 12/02/2023 13:46:36 - Insert User information into DB
Event - 12/02/2023 13:46:36 - Get Successful Response From Twitter
Event - 12/02/2023 13:46:37 - Get Successful Response From Twitter
Event - 12/02/2023 13:49:01 - Seccessful role assignment
Event - 12/02/2023 13:49:01 - Insert User information into DB
Event - 12/02/2023 13:51:28 - Seccessful role assignment
Event - 12/02/2023 13:51:28 - Insert User information into DB
Event - 12/02/2023 13:53:22 - Get Successful Response From Twitter
Event - 12/02/2023 13:53:59 - Get Successful Response From Twitter
Event - 12/02/2023 14:01:39 - Command List Initialization
Event - 12/02/2023 14:01:40 - Seccessful role assignment
Event - 12/02/2023 14:01:40 - Insert User information into DB
Event - 12/02/2023 14:01:40 - Get Successful Response From Twitter
Event - 12/02/2023 14:01:40 - Get Successful Response From Twitter
Event - 12/02/2023 14:01:41 - Get Successful Response From Twitter
Event - 12/02/2023 14:01:41 - Get Successful Response From Twitter
Event - 12/02/2023 14:01:54 - Seccessful role assignment
Event - 12/02/2023 14:01:54 - Insert User information into DB
Event - 12/02/2023 14:06:42 - Get Successful Response From Twitter
Event - 12/02/2023 14:06:42 - Get Successful Response From Twitter
Event - 12/02/2023 14:06:43 - Get Successful Response From Twitter
Event - 12/02/2023 14:06:43 - Get Successful Response From Twitter
Event - 12/02/2023 14:11:44 - Get Successful Response From Twitter
Event - 12/02/2023 14:11:45 - Get Successful Response From Twitter
Event - 12/02/2023 14:11:45 - Get Successful Response From Twitter
Event - 12/02/2023 14:11:46 - Get Successful Response From Twitter
Event - 12/02/2023 14:16:46 - Get Successful Response From Twitter
Event - 12/02/2023 14:16:47 - Get Successful Response From Twitter
Event - 12/02/2023 14:16:48 - Get Successful Response From Twitter
Event - 12/02/2023 14:16:48 - Get Successful Response From Twitter
Event - 12/02/2023 14:21:49 - Get Successful Response From Twitter
Event - 12/02/2023 14:21:50 - Get Successful Response From Twitter
Event - 12/02/2023 14:21:50 - Get Successful Response From Twitter
Event - 12/02/2023 14:21:51 - Get Successful Response From Twitter
Event - 12/02/2023 18:32:10 - Get Successful Response From Twitter
Event - 12/02/2023 18:32:11 - Get Successful Response From Twitter
Event - 12/02/2023 18:32:11 - Get Successful Response From Twitter
Event - 12/02/2023 18:32:12 - Get Successful Response From Twitter
Event - 12/02/2023 18:36:26 - Seccessful role assignment
Event - 12/02/2023 18:36:26 - Insert User information into DB
Event - 12/02/2023 18:37:13 - Get Successful Response From Twitter
Event - 12/02/2023 18:37:13 - Get Successful Response From Twitter
Event - 12/02/2023 18:41:34 - Command List Initialization
Event - 12/02/2023 18:41:35 - Seccessful role assignment
Event - 12/02/2023 18:41:35 - Insert User information into DB
Event - 12/02/2023 18:41:35 - Get Successful Response From Twitter
Event - 12/02/2023 18:41:36 - Get Successful Response From Twitter
Event - 12/02/2023 18:41:37 - Get Successful Response From Twitter
Event - 12/02/2023 18:41:38 - Get Successful Response From Twitter
Event - 12/02/2023 18:46:39 - Get Successful Response From Twitter
Event - 12/02/2023 18:46:40 - Get Successful Response From Twitter
Event - 12/02/2023 18:46:41 - Get Successful Response From Twitter
Event - 12/02/2023 19:42:46 - Command List Initialization
Event - 12/02/2023 19:45:55 - Command List Initialization
Error - 12/02/2023 19:47:08 - Get Unsuccessful Response From Twitter
Event - 12/02/2023 19:47:09 - Get Successful Response From Twitter
Event - 12/02/2023 19:47:10 - Get Successful Response From Twitter
