14/01/2023 16:10:29 - Event - Seccessful role assignment14/01/2023 16:10:29 - Event - Seccessful role assignment14/01/2023 16:19:04 - Event - Seccessful role assignment14/01/2023 16:19:05 - Event - Seccessful role assignment14/01/2023 16:19:08 - Event - Seccessful role assignment14/01/2023 16:19:08 - Event - Seccessful role assignment14/01/2023 16:20:44 - Event - Register campaign information into DB14/01/2023 16:23:31 - Event - Register campaign information into DB14/01/2023 16:33:42 - Event - Seccessful role assignment14/01/2023 16:33:43 - Event - Seccessful role assignment14/01/2023 16:36:20 - Event - Seccessful role assignment14/01/2023 16:36:21 - Event - Seccessful role assignment14/01/2023 17:03:30 - Event - Seccessful role assignment14/01/2023 17:03:30 - Event - Insert User information into DB14/01/2023 17:03:30 - Event - Seccessful role assignment14/01/2023 17:03:30 - Event - Insert User information into DB14/01/2023 17:06:08 - Event - Seccessful role assignment14/01/2023 17:06:08 - Event - Insert User information into DB14/01/2023 17:06:09 - Event - Seccessful role assignment14/01/2023 17:06:09 - Event - Insert User information into DB14/01/2023 17:19:59 - Event - Seccessful role assignment14/01/2023 17:19:59 - Event - Insert User information into DB14/01/2023 17:20:00 - Event - Seccessful role assignment14/01/2023 17:20:00 - Event - Insert User information into DB14/01/2023 17:20:38 - Event - Seccessful role assignment14/01/2023 17:20:38 - Event - Insert User information into DB14/01/2023 17:20:38 - Event - Seccessful role assignment14/01/2023 17:20:38 - Event - Insert User information into DB14/01/2023 17:20:43 - Event - Seccessful role assignment14/01/2023 17:20:44 - Event - Insert User information into DB14/01/2023 17:20:44 - Event - Seccessful role assignment14/01/2023 17:20:44 - Event - Insert User information into DB14/01/2023 18:36:25 - Event - Seccessful role assignment
14/01/2023 18:36:28 - Event - Insert User information into DB
14/01/2023 18:36:29 - Event - Seccessful role assignment
14/01/2023 18:36:29 - Event - Insert User information into DB
14/01/2023 18:37:32 - Event - Seccessful role assignment
14/01/2023 18:37:32 - Event - Insert User information into DB
14/01/2023 18:37:34 - Event - Seccessful role assignment
14/01/2023 18:37:34 - Event - Insert User information into DB
14/01/2023 18:38:46 - Event - Donate product to campaign
14/01/2023 19:02:24 - Event - Seccessful role assignment
14/01/2023 19:02:25 - Event - Insert User information into DB
14/01/2023 19:02:25 - Event - Seccessful role assignment
14/01/2023 19:02:25 - Event - Insert User information into DB
14/01/2023 19:17:01 - Event - Seccessful role assignment
14/01/2023 19:17:01 - Event - Insert User information into DB
14/01/2023 19:17:07 - Event - Seccessful role assignment
14/01/2023 19:17:07 - Event - Insert User information into DB
14/01/2023 19:18:28 - Event - Donate product to campaign
14/01/2023 19:20:08 - Event - Donate product to campaign
14/01/2023 19:20:51 - Event - Seccessful role assignment
14/01/2023 19:20:51 - Event - Insert User information into DB
14/01/2023 19:20:52 - Event - Seccessful role assignment
14/01/2023 19:20:52 - Event - Insert User information into DB
14/01/2023 19:36:31 - Event - Seccessful role assignment
14/01/2023 19:36:31 - Event - Insert User information into DB
14/01/2023 19:36:32 - Event - Seccessful role assignment
14/01/2023 19:36:33 - Event - Insert User information into DB
14/01/2023 19:36:56 - Event - Seccessful role assignment
14/01/2023 19:36:56 - Event - Insert User information into DB
14/01/2023 19:36:57 - Event - Seccessful role assignment
14/01/2023 19:36:57 - Event - Insert User information into DB
14/01/2023 19:38:02 - Event - Register campaign information into DB
14/01/2023 19:39:29 - Event - Seccessful role assignment
14/01/2023 19:39:29 - Event - Insert User information into DB
14/01/2023 19:39:29 - Event - Seccessful role assignment
14/01/2023 19:39:29 - Event - Insert User information into DB
14/01/2023 19:54:04 - Error - faild to insert information into DB
14/01/2023 19:54:58 - Event - Register campaign information into DB
