26/01/2023 15:19:59 - Event - Seccessful role assignment
26/01/2023 15:20:00 - Event - Insert User information into DB
26/01/2023 15:20:18 - Event - Seccessful role assignment
26/01/2023 15:20:18 - Event - Insert User information into DB
26/01/2023 15:21:44 - Event - Seccessful role assignment
26/01/2023 15:21:44 - Event - Insert User information into DB
26/01/2023 15:34:05 - Event - Seccessful role assignment
26/01/2023 15:34:05 - Event - Insert User information into DB
26/01/2023 15:35:19 - Error - Reason : Unauthorized
Details : Could not authenticate you. (32)
Code : 401
Date : 26/01/2023 15:35:08 +02:00
URL : https://api.twitter.com/1.1/account/verify_credentials.json?include_email=true
Twitter documentation description : Unauthorized -  Authentication credentials were missing or incorrect.
, problam sending a tweet about user purchase with points
26/01/2023 15:43:30 - Error - Reason : Unauthorized
Details : Invalid or expired token. (89)
Code : 401
Date : 26/01/2023 15:43:10 +02:00
URL : https://api.twitter.com/1.1/account/verify_credentials.json?include_email=true
Twitter documentation description : Unauthorized -  Authentication credentials were missing or incorrect.
, problam sending a tweet about user purchase with points
26/01/2023 16:19:36 - Event - Seccessful role assignment
26/01/2023 16:19:36 - Event - Insert User information into DB
